2019-06-02 17:29:33,825 INFO  [org.apache.activemq.artemis.integration.bootstrap] AMQ101000: Starting ActiveMQ Artemis Server
2019-06-02 17:29:34,998 INFO  [org.apache.activemq.artemis.core.server] AMQ221000: live Message Broker is starting with configuration Broker Configuration (clustered=false,journalDirectory=data/journal,bindingsDirectory=data/bindings,largeMessagesDirectory=data/large-messages,pagingDirectory=data/paging)
2019-06-02 17:29:35,065 INFO  [org.apache.activemq.artemis.core.server] AMQ221013: Using NIO Journal
2019-06-02 17:29:35,136 INFO  [org.apache.activemq.artemis.core.server] AMQ221057: Global Max Size is being adjusted to 1/2 of the JVM max size (-Xmx). being defined as 536,870,912
2019-06-02 17:29:35,187 INFO  [org.apache.activemq.artemis.core.server] AMQ221043: Protocol module found: [artemis-server]. Adding protocol support for: CORE
2019-06-02 17:29:35,198 INFO  [org.apache.activemq.artemis.core.server] AMQ221043: Protocol module found: [artemis-amqp-protocol]. Adding protocol support for: AMQP
2019-06-02 17:29:35,202 INFO  [org.apache.activemq.artemis.core.server] AMQ221043: Protocol module found: [artemis-hornetq-protocol]. Adding protocol support for: HORNETQ
2019-06-02 17:29:35,215 INFO  [org.apache.activemq.artemis.core.server] AMQ221043: Protocol module found: [artemis-mqtt-protocol]. Adding protocol support for: MQTT
2019-06-02 17:29:35,226 INFO  [org.apache.activemq.artemis.core.server] AMQ221043: Protocol module found: [artemis-openwire-protocol]. Adding protocol support for: OPENWIRE
2019-06-02 17:29:35,241 INFO  [org.apache.activemq.artemis.core.server] AMQ221043: Protocol module found: [artemis-stomp-protocol]. Adding protocol support for: STOMP
2019-06-02 17:29:35,448 INFO  [org.apache.activemq.artemis.core.server] AMQ221034: Waiting indefinitely to obtain live lock
2019-06-02 17:29:35,449 INFO  [org.apache.activemq.artemis.core.server] AMQ221035: Live Server Obtained live lock
2019-06-02 17:29:35,788 INFO  [org.apache.activemq.artemis.core.server] AMQ221080: Deploying address DLQ supporting [ANYCAST]
2019-06-02 17:29:35,848 INFO  [org.apache.activemq.artemis.core.server] AMQ221003: Deploying ANYCAST queue DLQ on address DLQ
2019-06-02 17:29:35,970 INFO  [org.apache.activemq.artemis.core.server] AMQ221080: Deploying address ExpiryQueue supporting [ANYCAST]
2019-06-02 17:29:35,976 INFO  [org.apache.activemq.artemis.core.server] AMQ221003: Deploying ANYCAST queue ExpiryQueue on address ExpiryQueue
2019-06-02 17:29:37,228 INFO  [org.apache.activemq.artemis.core.server] AMQ221020: Started NIO Acceptor at 0.0.0.0:61616 for protocols [CORE,MQTT,AMQP,STOMP,HORNETQ,OPENWIRE]
2019-06-02 17:29:37,249 INFO  [org.apache.activemq.artemis.core.server] AMQ221020: Started NIO Acceptor at 0.0.0.0:5445 for protocols [HORNETQ,STOMP]
2019-06-02 17:29:37,312 INFO  [org.apache.activemq.artemis.core.server] AMQ221020: Started NIO Acceptor at 0.0.0.0:5672 for protocols [AMQP]
2019-06-02 17:29:37,347 INFO  [org.apache.activemq.artemis.core.server] AMQ221020: Started NIO Acceptor at 0.0.0.0:1883 for protocols [MQTT]
2019-06-02 17:29:37,382 INFO  [org.apache.activemq.artemis.core.server] AMQ221020: Started NIO Acceptor at 0.0.0.0:61613 for protocols [STOMP]
2019-06-02 17:29:37,398 INFO  [org.apache.activemq.artemis.core.server] AMQ221007: Server is now live
2019-06-02 17:29:37,404 INFO  [org.apache.activemq.artemis.core.server] AMQ221001: Apache ActiveMQ Artemis Message Broker version 2.8.1 [0.0.0.0, nodeID=68166f6e-84f7-11e9-b538-f06e0bbb44c2] 
2019-06-02 17:29:38,388 INFO  [org.apache.activemq.hawtio.branding.PluginContextListener] Initialized activemq-branding plugin
2019-06-02 17:29:39,394 INFO  [org.apache.activemq.hawtio.plugin.PluginContextListener] Initialized artemis-plugin plugin
2019-06-02 17:29:54,704 INFO  [io.hawt.HawtioContextListener] Initialising hawtio services
2019-06-02 17:29:54,770 INFO  [io.hawt.system.ConfigManager] Configuration will be discovered via system properties
2019-06-02 17:29:54,787 INFO  [io.hawt.jmx.JmxTreeWatcher] Welcome to hawtio 1.5.5 : http://hawt.io/ : Don't cha wish your console was hawt like me? ;-)
2019-06-02 17:29:54,805 INFO  [io.hawt.jmx.UploadManager] Using file upload directory: C:\Users\luoze\Documents\GitHub\AUT-DMS\blocker\tmp\uploads
2019-06-02 17:29:54,897 INFO  [io.hawt.web.AuthenticationFilter] Starting hawtio authentication filter, JAAS realm: "activemq" authorized role(s): "amq" role principal classes: "org.apache.activemq.artemis.spi.core.security.jaas.RolePrincipal"
2019-06-02 17:29:55,084 INFO  [io.hawt.web.JolokiaConfiguredAgentServlet] Jolokia overridden property: [key=policyLocation, value=file:/C:/Users/luoze/Documents/GitHub/AUT-DMS/blocker/etc/\jolokia-access.xml]
2019-06-02 17:29:55,843 INFO  [io.hawt.web.RBACMBeanInvoker] Using MBean [hawtio:type=security,area=jmx,rank=0,name=HawtioDummyJMXSecurity] for role based access control
2019-06-02 17:29:57,552 INFO  [io.hawt.system.ProxyWhitelist] Initial proxy whitelist: [localhost, 127.0.0.1, 192.168.214.33, DESKTOP-6U8TOOO.mshome.net, 10.0.75.1, DESKTOP-6U8TOOO, 10.192.5.119]
2019-06-02 17:29:59,251 INFO  [org.apache.activemq.artemis] AMQ241001: HTTP Server started at http://localhost:8161
2019-06-02 17:29:59,252 INFO  [org.apache.activemq.artemis] AMQ241002: Artemis Jolokia REST API available at http://localhost:8161/console/jolokia
2019-06-02 17:29:59,258 INFO  [org.apache.activemq.artemis] AMQ241004: Artemis Console available at http://localhost:8161/console
2019-06-02 17:30:15,971 WARN  [org.apache.activemq.artemis.core.client] AMQ212037: Connection failure has been detected: An existing connection was forcibly closed by the remote host [code=GENERIC_EXCEPTION]
2019-06-02 17:30:15,971 WARN  [org.apache.activemq.artemis.core.client] AMQ212037: Connection failure has been detected: An existing connection was forcibly closed by the remote host [code=GENERIC_EXCEPTION]
2019-06-02 17:30:15,974 WARN  [org.apache.activemq.artemis.core.server] AMQ222061: Client connection failed, clearing up resources for session 7d99558f-84f7-11e9-b36a-00155df6ea04
2019-06-02 17:30:15,988 WARN  [org.apache.activemq.artemis.core.server] AMQ222061: Client connection failed, clearing up resources for session 7238475a-84f7-11e9-b36a-00155df6ea04
2019-06-02 17:30:16,006 WARN  [org.apache.activemq.artemis.core.server] AMQ222107: Cleared up resources for session 7d99558f-84f7-11e9-b36a-00155df6ea04
2019-06-02 17:30:16,023 WARN  [org.apache.activemq.artemis.core.server] AMQ222107: Cleared up resources for session 7238475a-84f7-11e9-b36a-00155df6ea04
2019-06-02 17:30:16,039 WARN  [org.apache.activemq.artemis.core.server] AMQ222061: Client connection failed, clearing up resources for session 7d9b2a50-84f7-11e9-b36a-00155df6ea04
2019-06-02 17:30:16,055 WARN  [org.apache.activemq.artemis.core.server] AMQ222061: Client connection failed, clearing up resources for session 724c1d7b-84f7-11e9-b36a-00155df6ea04
2019-06-02 17:30:16,079 WARN  [org.apache.activemq.artemis.core.server] AMQ222107: Cleared up resources for session 7d9b2a50-84f7-11e9-b36a-00155df6ea04
2019-06-02 17:30:16,255 WARN  [org.apache.activemq.artemis.core.server] AMQ222107: Cleared up resources for session 724c1d7b-84f7-11e9-b36a-00155df6ea04
2019-06-02 17:49:48,177 WARN  [org.apache.activemq.artemis.core.client] AMQ212037: Connection failure has been detected: An existing connection was forcibly closed by the remote host [code=GENERIC_EXCEPTION]
2019-06-02 17:49:48,178 WARN  [org.apache.activemq.artemis.core.server] AMQ222061: Client connection failed, clearing up resources for session 3696e587-84fa-11e9-861e-00155d9053a5
2019-06-02 17:49:48,205 WARN  [org.apache.activemq.artemis.core.server] AMQ222107: Cleared up resources for session 3696e587-84fa-11e9-861e-00155d9053a5
2019-06-02 17:49:48,210 WARN  [org.apache.activemq.artemis.core.server] AMQ222061: Client connection failed, clearing up resources for session 36997d98-84fa-11e9-861e-00155d9053a5
2019-06-02 17:49:48,239 WARN  [org.apache.activemq.artemis.core.server] AMQ222107: Cleared up resources for session 36997d98-84fa-11e9-861e-00155d9053a5
2019-06-02 17:50:48,946 INFO  [io.hawt.web.AuthenticationFilter] Destroying hawtio authentication filter
2019-06-02 17:50:48,951 INFO  [io.hawt.HawtioContextListener] Destroying hawtio services
2019-06-02 17:50:49,578 INFO  [org.apache.activemq.hawtio.plugin.PluginContextListener] Destroyed artemis-plugin plugin
2019-06-02 17:50:49,634 INFO  [org.apache.activemq.hawtio.branding.PluginContextListener] Destroyed activemq-branding plugin
2019-06-02 17:50:49,689 INFO  [org.apache.activemq.artemis.core.server] AMQ221002: Apache ActiveMQ Artemis Message Broker version 2.8.1 [68166f6e-84f7-11e9-b538-f06e0bbb44c2] stopped, uptime 21 minutes
